<?xml version="1.0" encoding="UTF-8"?>
<testsuite xmlns:xsi="http://www.w3.org/2001/XMLSchema-instance" xsi:noNamespaceSchemaLocation="https://maven.apache.org/surefire/maven-surefire-plugin/xsd/surefire-test-report.xsd" name="laskin.NelioTest" time="0.226" tests="6" errors="0" skipped="0" failures="0">
  <properties>
[...]
</properties>
  <testcase name="testNelio{int, int}[1]" classname="laskin.NelioTest" time="0.042"/>
  <testcase name="testNelio{int, int}[2]" classname="laskin.NelioTest" time="0.005"/>
  <testcase name="testNelio{int, int}[3]" classname="laskin.NelioTest" time="0.001"/>
  <testcase name="testNelio{int, int}[4]" classname="laskin.NelioTest" time="0.002"/>
  <testcase name="testNelio{int, int}[5]" classname="laskin.NelioTest" time="0.002"/>
  <testcase name="testNelio{int, int}[6]" classname="laskin.NelioTest" time="0.003"/>
</testsuite>